[jm2609] 2026/07/20 13:30:39 ⚠️ 未找到品种 jm2609 的配置行，使用内置乘数表/默认值
[jm2609] 2026/07/20 13:30:39 ✅ 使用内置合约乘数表: jm = 60 吨/手（建议同时写入 symbols 表）
[jm2609] 2026/07/20 13:30:39 ✅ 检查通过：无挂起订单。
[jm2609] 2026/07/20 13:30:39 🌐 Dashboard API listening on http://0.0.0.0:8081
时刻         | Price    | Total OI     | ΔOI (60s)  | Vol (THS)    | 性质判定                     
[jm2609] 2026/07/20 13:34:27 ⚠️ 未找到品种 jm2609 的配置行，使用内置乘数表/默认值
[jm2609] 2026/07/20 13:34:27 ✅ 使用内置合约乘数表: jm = 60 吨/手（建议同时写入 symbols 表）
[jm2609] 2026/07/20 13:34:27 ✅ 检查通过：无挂起订单。
[jm2609] 2026/07/20 13:34:27 🌐 Dashboard API listening on http://0.0.0.0:8081
时刻         | Price    | Total OI     | ΔOI (60s)  | Vol (THS)    | 性质判定                     
时刻         | Price    | Total OI     | ΔOI        | Vol (THS)    | 性质判定                     
13:48:02 | 1272.00  | 415007       | -94        | 2849         | 观察中 (Neutral)
13:49:02 | 1272.00  | 415139       | 132        | 3017         | 观察中 (Neutral)
13:50:02 | 1271.50  | 415060       | -79        | 1888         | 观察中 (Neutral)
13:51:02 | 1270.00  | 415113       | 53         | 918          | 观察中 (Neutral)
13:52:02 | 1268.50  | 414578       | -535       | 600          | ⛔ 外部监控器失联
13:53:02 | 1268.50  | 414457       | -121       | 2434         | ⛔ 外部监控器失联
13:54:02 | 1269.50  | 414362       | -95        | 1017         | ⛔ 外部监控器失联
13:55:02 | 1270.00  | 414419       | 57         | 782          | ⛔ 外部监控器失联
13:56:02 | 1268.50  | 414328       | -91        | 661          | ⛔ 外部监控器失联
13:57:02 | 1269.00  | 414353       | 25         | 805          | ⛔ 外部监控器失联
13:58:02 | 1269.00  | 414409       | 56         | 862          | ⛔ 外部监控器失联
13:59:02 | 1269.50  | 414711       | 302        | 737          | ⛔ 外部监控器失联
14:00:02 | 1269.00  | 414659       | -52        | 1634         | ⛔ 外部监控器失联
