[HEALTH]2026/07/20 12:55:49 🔍 Health Monitor v1.2 started | Symbol: jm2609 | Interval: 30s
[HEALTH]2026/07/20 12:55:49 Targets: Sina(hq.sinajs.cn) + THS(d.10jqka.com.cn)
[HEALTH]2026/07/20 12:55:49 Checks: data freshness, volume sanity, turnover cross-validation, field mapping
[HEALTH]2026/07/20 12:55:49 Toggle flag: /root/wangliang/toggle_jm2609_health (write 'start' to enable, 'stop' to disable)

[31m═══ HEALTH CHECK ═══[0m
  Time:          12:55:49
  Status:        [31m[CRITICAL][0m
  Sina Price:    1267.50 ✓
  Sina OI:       418669 ✓
  THS Price:     1267.50 ✓
  THS LatestVol: 1515 hands
  THS Bars:      256 bars
  THS Cross-CHK: ✗ FAIL
  THS isTrading: 0
  THS rt:        2100-2300,0900-1015,1030-1130,1330-1500
  Issues (2):
    - THS turnover cross-check FAILED: f[2]=115155000 vs f[4]*f[3]*60=116533800
    - [TRACKING] isTrading=0 (semantic TBD)
------------------------------------------------------------
[HEALTH]2026/07/20 12:55:50 🚨 CRITICAL health detected!

[31m═══ HEALTH CHECK ═══[0m
  Time:          12:56:19
  Status:        [31m[CRITICAL][0m
  Sina Price:    1267.50 ✓
  Sina OI:       418669 ✓
  THS Price:     1267.50 ✓
  THS LatestVol: 1515 hands
  THS Bars:      256 bars
  THS Cross-CHK: ✗ FAIL
  THS isTrading: 0
  THS rt:        2100-2300,0900-1015,1030-1130,1330-1500
  Issues (2):
    - THS turnover cross-check FAILED: f[2]=115155000 vs f[4]*f[3]*60=116533800
    - [TRACKING] isTrading=0 (semantic TBD)
------------------------------------------------------------
[HEALTH]2026/07/20 12:56:20 🚨 CRITICAL health detected!

[31m═══ HEALTH CHECK ═══[0m
  Time:          12:56:49
  Status:        [31m[CRITICAL][0m
  Sina Price:    1267.50 ✓
  Sina OI:       418669 ✓
  THS Price:     1267.50 ✓
  THS LatestVol: 1515 hands
  THS Bars:      256 bars
  THS Cross-CHK: ✗ FAIL
  THS isTrading: 0
  THS rt:        2100-2300,0900-1015,1030-1130,1330-1500
  Issues (2):
    - THS turnover cross-check FAILED: f[2]=115155000 vs f[4]*f[3]*60=116533800
    - [TRACKING] isTrading=0 (semantic TBD)
------------------------------------------------------------
[HEALTH]2026/07/20 12:56:49 🚨 CRITICAL health detected!

[31m═══ HEALTH CHECK ═══[0m
  Time:          12:57:19
  Status:        [31m[CRITICAL][0m
  Sina Price:    1267.50 ✓
  Sina OI:       418669 ✓
  THS Price:     1267.50 ✓
  THS LatestVol: 1515 hands
  THS Bars:      256 bars
  THS Cross-CHK: ✗ FAIL
  THS isTrading: 0
  THS rt:        2100-2300,0900-1015,1030-1130,1330-1500
  Issues (2):
    - THS turnover cross-check FAILED: f[2]=115155000 vs f[4]*f[3]*60=116533800
    - [TRACKING] isTrading=0 (semantic TBD)
------------------------------------------------------------
[HEALTH]2026/07/20 12:57:20 🚨 CRITICAL health detected!

[31m═══ HEALTH CHECK ═══[0m
  Time:          12:57:49
  Status:        [31m[CRITICAL][0m
  Sina Price:    1267.50 ✓
  Sina OI:       418669 ✓
  THS Price:     1267.50 ✓
  THS LatestVol: 1515 hands
  THS Bars:      256 bars
  THS Cross-CHK: ✗ FAIL
  THS isTrading: 0
  THS rt:        2100-2300,0900-1015,1030-1130,1330-1500
  Issues (2):
    - THS turnover cross-check FAILED: f[2]=115155000 vs f[4]*f[3]*60=116533800
    - [TRACKING] isTrading=0 (semantic TBD)
------------------------------------------------------------
[HEALTH]2026/07/20 12:57:49 🚨 CRITICAL health detected!

[31m═══ HEALTH CHECK ═══[0m
  Time:          12:58:19
  Status:        [31m[CRITICAL][0m
  Sina Price:    1267.50 ✓
  Sina OI:       418669 ✓
  THS Price:     1267.50 ✓
  THS LatestVol: 1515 hands
  THS Bars:      256 bars
  THS Cross-CHK: ✗ FAIL
  THS isTrading: 0
  THS rt:        2100-2300,0900-1015,1030-1130,1330-1500
  Issues (2):
    - THS turnover cross-check FAILED: f[2]=115155000 vs f[4]*f[3]*60=116533800
    - [TRACKING] isTrading=0 (semantic TBD)
------------------------------------------------------------
[HEALTH]2026/07/20 12:58:19 🚨 CRITICAL health detected!

[31m═══ HEALTH CHECK ═══[0m
  Time:          12:58:49
  Status:        [31m[CRITICAL][0m
  Sina Price:    1267.50 ✓
  Sina OI:       418669 ✓
  THS Price:     1267.50 ✓
  THS LatestVol: 1515 hands
  THS Bars:      256 bars
  THS Cross-CHK: ✗ FAIL
  THS isTrading: 0
  THS rt:        2100-2300,0900-1015,1030-1130,1330-1500
  Issues (2):
    - THS turnover cross-check FAILED: f[2]=115155000 vs f[4]*f[3]*60=116533800
    - [TRACKING] isTrading=0 (semantic TBD)
------------------------------------------------------------
[HEALTH]2026/07/20 12:58:50 🚨 CRITICAL health detected!

[31m═══ HEALTH CHECK ═══[0m
  Time:          12:59:19
  Status:        [31m[CRITICAL][0m
  Sina Price:    1267.50 ✓
  Sina OI:       418669 ✓
  THS Price:     1267.50 ✓
  THS LatestVol: 1515 hands
  THS Bars:      256 bars
  THS Cross-CHK: ✗ FAIL
  THS isTrading: 0
  THS rt:        2100-2300,0900-1015,1030-1130,1330-1500
  Issues (2):
    - THS turnover cross-check FAILED: f[2]=115155000 vs f[4]*f[3]*60=116533800
    - [TRACKING] isTrading=0 (semantic TBD)
------------------------------------------------------------
[HEALTH]2026/07/20 12:59:20 🚨 CRITICAL health detected!

[31m═══ HEALTH CHECK ═══[0m
  Time:          12:59:49
  Status:        [31m[CRITICAL][0m
  Sina Price:    1267.50 ✓
  Sina OI:       418669 ✓
  THS Price:     1267.50 ✓
  THS LatestVol: 1515 hands
  THS Bars:      256 bars
  THS Cross-CHK: ✗ FAIL
  THS isTrading: 0
  THS rt:        2100-2300,0900-1015,1030-1130,1330-1500
  Issues (2):
    - THS turnover cross-check FAILED: f[2]=115155000 vs f[4]*f[3]*60=116533800
    - [TRACKING] isTrading=0 (semantic TBD)
------------------------------------------------------------
[HEALTH]2026/07/20 12:59:49 🚨 CRITICAL health detected!

[31m═══ HEALTH CHECK ═══[0m
  Time:          13:00:19
  Status:        [31m[CRITICAL][0m
  Sina Price:    1267.50 ✓
  Sina OI:       418669 ✓
  THS Price:     1267.50 ✓
  THS LatestVol: 1515 hands
  THS Bars:      256 bars
  THS Cross-CHK: ✗ FAIL
  THS isTrading: 0
  THS rt:        2100-2300,0900-1015,1030-1130,1330-1500
  Issues (2):
    - THS turnover cross-check FAILED: f[2]=115155000 vs f[4]*f[3]*60=116533800
    - [TRACKING] isTrading=0 (semantic TBD)
------------------------------------------------------------
[HEALTH]2026/07/20 13:00:20 🚨 CRITICAL health detected!

[31m═══ HEALTH CHECK ═══[0m
  Time:          13:00:50
  Status:        [31m[CRITICAL][0m
  Sina Price:    1267.50 ✓
  Sina OI:       418669 ✓
  THS:           ✗ DOWN
  Issues (1):
    - THS HTTP error: Get "http://d.10jqka.com.cn/v6/time/qh_jm2609/last.js": context deadline exceeded (Client.Timeout exceeded while awaiting headers)
------------------------------------------------------------
[HEALTH]2026/07/20 13:00:58 🚨 CRITICAL health detected!

[31m═══ HEALTH CHECK ═══[0m
  Time:          13:01:19
  Status:        [31m[CRITICAL][0m
  Sina Price:    1267.50 ✓
  Sina OI:       418669 ✓
  THS Price:     1267.50 ✓
  THS LatestVol: 1515 hands
  THS Bars:      256 bars
  THS Cross-CHK: ✗ FAIL
  THS isTrading: 0
  THS rt:        2100-2300,0900-1015,1030-1130,1330-1500
  Issues (2):
    - THS turnover cross-check FAILED: f[2]=115155000 vs f[4]*f[3]*60=116533800
    - [TRACKING] isTrading=0 (semantic TBD)
------------------------------------------------------------
[HEALTH]2026/07/20 13:01:20 🚨 CRITICAL health detected!

[31m═══ HEALTH CHECK ═══[0m
  Time:          13:01:57
  Status:        [31m[CRITICAL][0m
  Sina:          ✗ DOWN
  THS:           ✗ DOWN
  Issues (2):
    - Sina HTTP error: Get "https://hq.sinajs.cn/rn=1784523709250&list=nf_JM2609": context deadline exceeded (Client.Timeout exceeded while awaiting headers)
    - THS HTTP error: Get "http://d.10jqka.com.cn/v6/time/qh_jm2609/last.js": dial tcp: lookup d.10jqka.com.cn: i/o timeout
------------------------------------------------------------
[HEALTH]2026/07/20 13:02:02 🚨 CRITICAL health detected!

[31m═══ HEALTH CHECK ═══[0m
  Time:          13:02:19
  Status:        [31m[CRITICAL][0m
  Sina Price:    1267.50 ✓
  Sina OI:       418669 ✓
  THS Price:     1267.50 ✓
  THS LatestVol: 1515 hands
  THS Bars:      256 bars
  THS Cross-CHK: ✗ FAIL
  THS isTrading: 0
  THS rt:        2100-2300,0900-1015,1030-1130,1330-1500
  Issues (2):
    - THS turnover cross-check FAILED: f[2]=115155000 vs f[4]*f[3]*60=116533800
    - [TRACKING] isTrading=0 (semantic TBD)
------------------------------------------------------------
[HEALTH]2026/07/20 13:02:21 🚨 CRITICAL health detected!

[31m═══ HEALTH CHECK ═══[0m
  Time:          13:02:49
  Status:        [31m[CRITICAL][0m
  Sina Price:    1267.50 ✓
  Sina OI:       418669 ✓
  THS Price:     1267.50 ✓
  THS LatestVol: 1515 hands
  THS Bars:      256 bars
  THS Cross-CHK: ✗ FAIL
  THS isTrading: 0
  THS rt:        2100-2300,0900-1015,1030-1130,1330-1500
  Issues (2):
    - THS turnover cross-check FAILED: f[2]=115155000 vs f[4]*f[3]*60=116533800
    - [TRACKING] isTrading=0 (semantic TBD)
------------------------------------------------------------
[HEALTH]2026/07/20 13:02:49 🚨 CRITICAL health detected!

[31m═══ HEALTH CHECK ═══[0m
  Time:          13:03:19
  Status:        [31m[CRITICAL][0m
  Sina Price:    1267.50 ✓
  Sina OI:       418669 ✓
  THS Price:     1267.50 ✓
  THS LatestVol: 1515 hands
  THS Bars:      256 bars
  THS Cross-CHK: ✗ FAIL
  THS isTrading: 0
  THS rt:        2100-2300,0900-1015,1030-1130,1330-1500
  Issues (2):
    - THS turnover cross-check FAILED: f[2]=115155000 vs f[4]*f[3]*60=116533800
    - [TRACKING] isTrading=0 (semantic TBD)
------------------------------------------------------------
[HEALTH]2026/07/20 13:03:20 🚨 CRITICAL health detected!

[31m═══ HEALTH CHECK ═══[0m
  Time:          13:03:49
  Status:        [31m[CRITICAL][0m
  Sina Price:    1267.50 ✓
  Sina OI:       418669 ✓
  THS Price:     1267.50 ✓
  THS LatestVol: 1515 hands
  THS Bars:      256 bars
  THS Cross-CHK: ✗ FAIL
  THS isTrading: 0
  THS rt:        2100-2300,0900-1015,1030-1130,1330-1500
  Issues (2):
    - THS turnover cross-check FAILED: f[2]=115155000 vs f[4]*f[3]*60=116533800
    - [TRACKING] isTrading=0 (semantic TBD)
------------------------------------------------------------
[HEALTH]2026/07/20 13:03:49 🚨 CRITICAL health detected!

[31m═══ HEALTH CHECK ═══[0m
  Time:          13:04:27
  Status:        [31m[CRITICAL][0m
  Sina:          ✗ DOWN
  THS Price:     1267.50 ✓
  THS LatestVol: 1515 hands
  THS Bars:      256 bars
  THS Cross-CHK: ✗ FAIL
  THS isTrading: 0
  THS rt:        2100-2300,0900-1015,1030-1130,1330-1500
  Issues (3):
    - Sina HTTP error: Get "https://hq.sinajs.cn/rn=1784523859256&list=nf_JM2609": context deadline exceeded (Client.Timeout exceeded while awaiting headers)
    - THS turnover cross-check FAILED: f[2]=115155000 vs f[4]*f[3]*60=116533800
    - [TRACKING] isTrading=0 (semantic TBD)
------------------------------------------------------------
[HEALTH]2026/07/20 13:04:28 🚨 CRITICAL health detected!

[31m═══ HEALTH CHECK ═══[0m
  Time:          13:04:49
  Status:        [31m[CRITICAL][0m
  Sina Price:    1267.50 ✓
  Sina OI:       418669 ✓
  THS Price:     1267.50 ✓
  THS LatestVol: 1515 hands
  THS Bars:      256 bars
  THS Cross-CHK: ✗ FAIL
  THS isTrading: 0
  THS rt:        2100-2300,0900-1015,1030-1130,1330-1500
  Issues (2):
    - THS turnover cross-check FAILED: f[2]=115155000 vs f[4]*f[3]*60=116533800
    - [TRACKING] isTrading=0 (semantic TBD)
------------------------------------------------------------
[HEALTH]2026/07/20 13:04:49 🚨 CRITICAL health detected!

[31m═══ HEALTH CHECK ═══[0m
  Time:          13:05:19
  Status:        [31m[CRITICAL][0m
  Sina Price:    1267.50 ✓
  Sina OI:       418669 ✓
  THS Price:     1267.50 ✓
  THS LatestVol: 1515 hands
  THS Bars:      256 bars
  THS Cross-CHK: ✗ FAIL
  THS isTrading: 0
  THS rt:        2100-2300,0900-1015,1030-1130,1330-1500
  Issues (2):
    - THS turnover cross-check FAILED: f[2]=115155000 vs f[4]*f[3]*60=116533800
    - [TRACKING] isTrading=0 (semantic TBD)
------------------------------------------------------------
[HEALTH]2026/07/20 13:05:20 🚨 CRITICAL health detected!

[31m═══ HEALTH CHECK ═══[0m
  Time:          13:05:54
  Status:        [31m[CRITICAL][0m
  Sina:          ✗ DOWN
  THS:           ✗ DOWN
  Issues (2):
    - Sina HTTP error: Get "https://hq.sinajs.cn/rn=1784523949250&list=nf_JM2609": dial tcp: lookup hq.sinajs.cn: i/o timeout
    - THS HTTP error: Get "http://d.10jqka.com.cn/v6/time/qh_jm2609/last.js": context deadline exceeded (Client.Timeout exceeded while awaiting headers)
------------------------------------------------------------
[HEALTH]2026/07/20 13:06:02 🚨 CRITICAL health detected!

[31m═══ HEALTH CHECK ═══[0m
  Time:          13:06:19
  Status:        [31m[CRITICAL][0m
  Sina Price:    1267.50 ✓
  Sina OI:       418669 ✓
  THS Price:     1267.50 ✓
  THS LatestVol: 1515 hands
  THS Bars:      256 bars
  THS Cross-CHK: ✗ FAIL
  THS isTrading: 0
  THS rt:        2100-2300,0900-1015,1030-1130,1330-1500
  Issues (2):
    - THS turnover cross-check FAILED: f[2]=115155000 vs f[4]*f[3]*60=116533800
    - [TRACKING] isTrading=0 (semantic TBD)
------------------------------------------------------------
[HEALTH]2026/07/20 13:06:20 🚨 CRITICAL health detected!

[31m═══ HEALTH CHECK ═══[0m
  Time:          13:06:49
  Status:        [31m[CRITICAL][0m
  Sina Price:    1267.50 ✓
  Sina OI:       418669 ✓
  THS Price:     1267.50 ✓
  THS LatestVol: 1515 hands
  THS Bars:      256 bars
  THS Cross-CHK: ✗ FAIL
  THS isTrading: 0
  THS rt:        2100-2300,0900-1015,1030-1130,1330-1500
  Issues (2):
    - THS turnover cross-check FAILED: f[2]=115155000 vs f[4]*f[3]*60=116533800
    - [TRACKING] isTrading=0 (semantic TBD)
------------------------------------------------------------
[HEALTH]2026/07/20 13:06:49 🚨 CRITICAL health detected!

[31m═══ HEALTH CHECK ═══[0m
  Time:          13:07:19
  Status:        [31m[CRITICAL][0m
  Sina Price:    1267.50 ✓
  Sina OI:       418669 ✓
  THS Price:     1267.50 ✓
  THS LatestVol: 1515 hands
  THS Bars:      256 bars
  THS Cross-CHK: ✗ FAIL
  THS isTrading: 0
  THS rt:        2100-2300,0900-1015,1030-1130,1330-1500
  Issues (2):
    - THS turnover cross-check FAILED: f[2]=115155000 vs f[4]*f[3]*60=116533800
    - [TRACKING] isTrading=0 (semantic TBD)
------------------------------------------------------------
[HEALTH]2026/07/20 13:07:22 🚨 CRITICAL health detected!

[31m═══ HEALTH CHECK ═══[0m
  Time:          13:07:49
  Status:        [31m[CRITICAL][0m
  Sina Price:    1267.50 ✓
  Sina OI:       418669 ✓
  THS Price:     1267.50 ✓
  THS LatestVol: 1515 hands
  THS Bars:      256 bars
  THS Cross-CHK: ✗ FAIL
  THS isTrading: 0
  THS rt:        2100-2300,0900-1015,1030-1130,1330-1500
  Issues (2):
    - THS turnover cross-check FAILED: f[2]=115155000 vs f[4]*f[3]*60=116533800
    - [TRACKING] isTrading=0 (semantic TBD)
------------------------------------------------------------
[HEALTH]2026/07/20 13:07:49 🚨 CRITICAL health detected!

[31m═══ HEALTH CHECK ═══[0m
  Time:          13:08:19
  Status:        [31m[CRITICAL][0m
  Sina Price:    1267.50 ✓
  Sina OI:       418669 ✓
  THS Price:     1267.50 ✓
  THS LatestVol: 1515 hands
  THS Bars:      256 bars
  THS Cross-CHK: ✗ FAIL
  THS isTrading: 0
  THS rt:        2100-2300,0900-1015,1030-1130,1330-1500
  Issues (2):
    - THS turnover cross-check FAILED: f[2]=115155000 vs f[4]*f[3]*60=116533800
    - [TRACKING] isTrading=0 (semantic TBD)
------------------------------------------------------------
[HEALTH]2026/07/20 13:08:20 🚨 CRITICAL health detected!

[31m═══ HEALTH CHECK ═══[0m
  Time:          13:08:49
  Status:        [31m[CRITICAL][0m
  Sina Price:    1267.50 ✓
  Sina OI:       418669 ✓
  THS Price:     1267.50 ✓
  THS LatestVol: 1515 hands
  THS Bars:      256 bars
  THS Cross-CHK: ✗ FAIL
  THS isTrading: 0
  THS rt:        2100-2300,0900-1015,1030-1130,1330-1500
  Issues (2):
    - THS turnover cross-check FAILED: f[2]=115155000 vs f[4]*f[3]*60=116533800
    - [TRACKING] isTrading=0 (semantic TBD)
------------------------------------------------------------
[HEALTH]2026/07/20 13:08:50 🚨 CRITICAL health detected!

[31m═══ HEALTH CHECK ═══[0m
  Time:          13:09:19
  Status:        [31m[CRITICAL][0m
  Sina Price:    1267.50 ✓
  Sina OI:       418669 ✓
  THS Price:     1267.50 ✓
  THS LatestVol: 1515 hands
  THS Bars:      256 bars
  THS Cross-CHK: ✗ FAIL
  THS isTrading: 0
  THS rt:        2100-2300,0900-1015,1030-1130,1330-1500
  Issues (2):
    - THS turnover cross-check FAILED: f[2]=115155000 vs f[4]*f[3]*60=116533800
    - [TRACKING] isTrading=0 (semantic TBD)
------------------------------------------------------------
[HEALTH]2026/07/20 13:09:19 🚨 CRITICAL health detected!

[31m═══ HEALTH CHECK ═══[0m
  Time:          13:09:49
  Status:        [31m[CRITICAL][0m
  Sina Price:    1267.50 ✓
  Sina OI:       418669 ✓
  THS Price:     1267.50 ✓
  THS LatestVol: 1515 hands
  THS Bars:      256 bars
  THS Cross-CHK: ✗ FAIL
  THS isTrading: 0
  THS rt:        2100-2300,0900-1015,1030-1130,1330-1500
  Issues (2):
    - THS turnover cross-check FAILED: f[2]=115155000 vs f[4]*f[3]*60=116533800
    - [TRACKING] isTrading=0 (semantic TBD)
------------------------------------------------------------
[HEALTH]2026/07/20 13:09:49 🚨 CRITICAL health detected!

[31m═══ HEALTH CHECK ═══[0m
  Time:          13:10:19
  Status:        [31m[CRITICAL][0m
  Sina Price:    1267.50 ✓
  Sina OI:       418669 ✓
  THS Price:     1267.50 ✓
  THS LatestVol: 1515 hands
  THS Bars:      256 bars
  THS Cross-CHK: ✗ FAIL
  THS isTrading: 0
  THS rt:        2100-2300,0900-1015,1030-1130,1330-1500
  Issues (2):
    - THS turnover cross-check FAILED: f[2]=115155000 vs f[4]*f[3]*60=116533800
    - [TRACKING] isTrading=0 (semantic TBD)
------------------------------------------------------------
[HEALTH]2026/07/20 13:10:19 🚨 CRITICAL health detected!

[31m═══ HEALTH CHECK ═══[0m
  Time:          13:10:54
  Status:        [31m[CRITICAL][0m
  Sina Price:    1267.50 ✓
  Sina OI:       418669 ✓
  THS Price:     1267.50 ✓
  THS LatestVol: 1515 hands
  THS Bars:      256 bars
  THS Cross-CHK: ✗ FAIL
  THS isTrading: 0
  THS rt:        2100-2300,0900-1015,1030-1130,1330-1500
  Issues (2):
    - THS turnover cross-check FAILED: f[2]=115155000 vs f[4]*f[3]*60=116533800
    - [TRACKING] isTrading=0 (semantic TBD)
------------------------------------------------------------
[HEALTH]2026/07/20 13:10:55 🚨 CRITICAL health detected!

[31m═══ HEALTH CHECK ═══[0m
  Time:          13:11:19
  Status:        [31m[CRITICAL][0m
  Sina Price:    1267.50 ✓
  Sina OI:       418669 ✓
  THS Price:     1267.50 ✓
  THS LatestVol: 1515 hands
  THS Bars:      256 bars
  THS Cross-CHK: ✗ FAIL
  THS isTrading: 0
  THS rt:        2100-2300,0900-1015,1030-1130,1330-1500
  Issues (2):
    - THS turnover cross-check FAILED: f[2]=115155000 vs f[4]*f[3]*60=116533800
    - [TRACKING] isTrading=0 (semantic TBD)
------------------------------------------------------------
[HEALTH]2026/07/20 13:11:19 🚨 CRITICAL health detected!

[31m═══ HEALTH CHECK ═══[0m
  Time:          13:11:54
  Status:        [31m[CRITICAL][0m
  Sina Price:    1267.50 ✓
  Sina OI:       418669 ✓
  THS Price:     1267.50 ✓
  THS LatestVol: 1515 hands
  THS Bars:      256 bars
  THS Cross-CHK: ✗ FAIL
  THS isTrading: 0
  THS rt:        2100-2300,0900-1015,1030-1130,1330-1500
  Issues (2):
    - THS turnover cross-check FAILED: f[2]=115155000 vs f[4]*f[3]*60=116533800
    - [TRACKING] isTrading=0 (semantic TBD)
------------------------------------------------------------
[HEALTH]2026/07/20 13:11:56 🚨 CRITICAL health detected!

[31m═══ HEALTH CHECK ═══[0m
  Time:          13:12:19
  Status:        [31m[CRITICAL][0m
  Sina Price:    1267.50 ✓
  Sina OI:       418669 ✓
  THS Price:     1267.50 ✓
  THS LatestVol: 1515 hands
  THS Bars:      256 bars
  THS Cross-CHK: ✗ FAIL
  THS isTrading: 0
  THS rt:        2100-2300,0900-1015,1030-1130,1330-1500
  Issues (2):
    - THS turnover cross-check FAILED: f[2]=115155000 vs f[4]*f[3]*60=116533800
    - [TRACKING] isTrading=0 (semantic TBD)
------------------------------------------------------------
[HEALTH]2026/07/20 13:12:20 🚨 CRITICAL health detected!

[31m═══ HEALTH CHECK ═══[0m
  Time:          13:12:51
  Status:        [31m[CRITICAL][0m
  Sina Price:    1267.50 ✓
  Sina OI:       418669 ✓
  THS Price:     1267.50 ✓
  THS LatestVol: 1515 hands
  THS Bars:      256 bars
  THS Cross-CHK: ✗ FAIL
  THS isTrading: 0
  THS rt:        2100-2300,0900-1015,1030-1130,1330-1500
  Issues (2):
    - THS turnover cross-check FAILED: f[2]=115155000 vs f[4]*f[3]*60=116533800
    - [TRACKING] isTrading=0 (semantic TBD)
------------------------------------------------------------
[HEALTH]2026/07/20 13:12:54 🚨 CRITICAL health detected!

[31m═══ HEALTH CHECK ═══[0m
  Time:          13:13:19
  Status:        [31m[CRITICAL][0m
  Sina Price:    1267.50 ✓
  Sina OI:       418669 ✓
  THS Price:     1267.50 ✓
  THS LatestVol: 1515 hands
  THS Bars:      256 bars
  THS Cross-CHK: ✗ FAIL
  THS isTrading: 0
  THS rt:        2100-2300,0900-1015,1030-1130,1330-1500
  Issues (2):
    - THS turnover cross-check FAILED: f[2]=115155000 vs f[4]*f[3]*60=116533800
    - [TRACKING] isTrading=0 (semantic TBD)
------------------------------------------------------------
[HEALTH]2026/07/20 13:13:19 🚨 CRITICAL health detected!

[31m═══ HEALTH CHECK ═══[0m
  Time:          13:13:54
  Status:        [31m[CRITICAL][0m
  Sina:          ✗ DOWN
  THS:           ✗ DOWN
  Issues (2):
    - Sina HTTP error: Get "https://hq.sinajs.cn/rn=1784524429250&list=nf_JM2609": dial tcp: lookup hq.sinajs.cn: i/o timeout
    - THS HTTP error: Get "http://d.10jqka.com.cn/v6/time/qh_jm2609/last.js": dial tcp: lookup d.10jqka.com.cn: i/o timeout
------------------------------------------------------------
[HEALTH]2026/07/20 13:13:59 🚨 CRITICAL health detected!

[31m═══ HEALTH CHECK ═══[0m
  Time:          13:14:20
  Status:        [31m[CRITICAL][0m
  Sina Price:    1267.50 ✓
  Sina OI:       418669 ✓
  THS Price:     1267.50 ✓
  THS LatestVol: 1515 hands
  THS Bars:      256 bars
  THS Cross-CHK: ✗ FAIL
  THS isTrading: 0
  THS rt:        2100-2300,0900-1015,1030-1130,1330-1500
  Issues (2):
    - THS turnover cross-check FAILED: f[2]=115155000 vs f[4]*f[3]*60=116533800
    - [TRACKING] isTrading=0 (semantic TBD)
------------------------------------------------------------
[HEALTH]2026/07/20 13:14:21 🚨 CRITICAL health detected!

[31m═══ HEALTH CHECK ═══[0m
  Time:          13:14:49
  Status:        [31m[CRITICAL][0m
  Sina Price:    1267.50 ✓
  Sina OI:       418669 ✓
  THS Price:     1267.50 ✓
  THS LatestVol: 1515 hands
  THS Bars:      256 bars
  THS Cross-CHK: ✗ FAIL
  THS isTrading: 0
  THS rt:        2100-2300,0900-1015,1030-1130,1330-1500
  Issues (2):
    - THS turnover cross-check FAILED: f[2]=115155000 vs f[4]*f[3]*60=116533800
    - [TRACKING] isTrading=0 (semantic TBD)
------------------------------------------------------------
[HEALTH]2026/07/20 13:14:51 🚨 CRITICAL health detected!

[31m═══ HEALTH CHECK ═══[0m
  Time:          13:15:19
  Status:        [31m[CRITICAL][0m
  Sina Price:    1267.50 ✓
  Sina OI:       418669 ✓
  THS Price:     1267.50 ✓
  THS LatestVol: 1515 hands
  THS Bars:      256 bars
  THS Cross-CHK: ✗ FAIL
  THS isTrading: 0
  THS rt:        2100-2300,0900-1015,1030-1130,1330-1500
  Issues (2):
    - THS turnover cross-check FAILED: f[2]=115155000 vs f[4]*f[3]*60=116533800
    - [TRACKING] isTrading=0 (semantic TBD)
------------------------------------------------------------
[HEALTH]2026/07/20 13:15:19 🚨 CRITICAL health detected!

[31m═══ HEALTH CHECK ═══[0m
  Time:          13:15:49
  Status:        [31m[CRITICAL][0m
  Sina Price:    1267.50 ✓
  Sina OI:       418669 ✓
  THS Price:     1267.50 ✓
  THS LatestVol: 1515 hands
  THS Bars:      256 bars
  THS Cross-CHK: ✗ FAIL
  THS isTrading: 0
  THS rt:        2100-2300,0900-1015,1030-1130,1330-1500
  Issues (2):
    - THS turnover cross-check FAILED: f[2]=115155000 vs f[4]*f[3]*60=116533800
    - [TRACKING] isTrading=0 (semantic TBD)
------------------------------------------------------------
[HEALTH]2026/07/20 13:15:49 🚨 CRITICAL health detected!

[31m═══ HEALTH CHECK ═══[0m
  Time:          13:16:24
  Status:        [31m[CRITICAL][0m
  Sina:          ✗ DOWN
  THS Price:     1267.50 ✓
  THS LatestVol: 1515 hands
  THS Bars:      256 bars
  THS Cross-CHK: ✗ FAIL
  THS isTrading: 0
  THS rt:        2100-2300,0900-1015,1030-1130,1330-1500
  Issues (3):
    - Sina HTTP error: Get "https://hq.sinajs.cn/rn=1784524579250&list=nf_JM2609": dial tcp: lookup hq.sinajs.cn: i/o timeout
    - THS turnover cross-check FAILED: f[2]=115155000 vs f[4]*f[3]*60=116533800
    - [TRACKING] isTrading=0 (semantic TBD)
------------------------------------------------------------
[HEALTH]2026/07/20 13:16:24 🚨 CRITICAL health detected!

[31m═══ HEALTH CHECK ═══[0m
  Time:          13:16:49
  Status:        [31m[CRITICAL][0m
  Sina Price:    1267.50 ✓
  Sina OI:       418669 ✓
  THS Price:     1267.50 ✓
  THS LatestVol: 1515 hands
  THS Bars:      256 bars
  THS Cross-CHK: ✗ FAIL
  THS isTrading: 0
  THS rt:        2100-2300,0900-1015,1030-1130,1330-1500
  Issues (2):
    - THS turnover cross-check FAILED: f[2]=115155000 vs f[4]*f[3]*60=116533800
    - [TRACKING] isTrading=0 (semantic TBD)
------------------------------------------------------------
[HEALTH]2026/07/20 13:16:51 🚨 CRITICAL health detected!

[31m═══ HEALTH CHECK ═══[0m
  Time:          13:17:24
  Status:        [31m[CRITICAL][0m
  Sina:          ✗ DOWN
  THS:           ✗ DOWN
  Issues (2):
    - Sina HTTP error: Get "https://hq.sinajs.cn/rn=1784524639250&list=nf_JM2609": dial tcp: lookup hq.sinajs.cn: i/o timeout
    - THS HTTP error: Get "http://d.10jqka.com.cn/v6/time/qh_jm2609/last.js": dial tcp: lookup d.10jqka.com.cn: i/o timeout
------------------------------------------------------------
[HEALTH]2026/07/20 13:17:29 🚨 CRITICAL health detected!
[HEALTH]2026/07/20 13:17:40 🔍 Health Monitor v1.2 started | Symbol: jm2609 | Interval: 30s
[HEALTH]2026/07/20 13:17:40 Targets: Sina(hq.sinajs.cn) + THS(d.10jqka.com.cn)
[HEALTH]2026/07/20 13:17:40 Checks: data freshness, volume sanity, turnover cross-validation, field mapping
[HEALTH]2026/07/20 13:17:40 Toggle flag: /root/wangliang/toggle_jm2609_health (write 'start' to enable, 'stop' to disable)

[31m═══ HEALTH CHECK ═══[0m
  Time:          13:17:41
  Status:        [31m[CRITICAL][0m
  Sina Price:    1267.50 ✓
  Sina OI:       418669 ✓
  THS Price:     1267.50 ✓
  THS LatestVol: 1515 hands
  THS Bars:      256 bars
  THS Cross-CHK: ✗ FAIL
  THS isTrading: 0
  THS rt:        2100-2300,0900-1015,1030-1130,1330-1500
  Issues (2):
    - THS turnover cross-check FAILED: f[2]=115155000 vs f[4]*f[3]*60=116533800
    - [TRACKING] isTrading=0 (semantic TBD)
------------------------------------------------------------
[HEALTH]2026/07/20 13:17:42 🚨 CRITICAL health detected!

[31m═══ HEALTH CHECK ═══[0m
  Time:          13:18:10
  Status:        [31m[CRITICAL][0m
  Sina Price:    1267.50 ✓
  Sina OI:       418669 ✓
  THS Price:     1267.50 ✓
  THS LatestVol: 1515 hands
  THS Bars:      256 bars
  THS Cross-CHK: ✗ FAIL
  THS isTrading: 0
  THS rt:        2100-2300,0900-1015,1030-1130,1330-1500
  Issues (2):
    - THS turnover cross-check FAILED: f[2]=115155000 vs f[4]*f[3]*60=116533800
    - [TRACKING] isTrading=0 (semantic TBD)
------------------------------------------------------------
[HEALTH]2026/07/20 13:18:11 🚨 CRITICAL health detected!

[31m═══ HEALTH CHECK ═══[0m
  Time:          13:18:48
  Status:        [31m[CRITICAL][0m
  Sina:          ✗ DOWN
  THS Price:     1267.50 ✓
  THS LatestVol: 1515 hands
  THS Bars:      256 bars
  THS Cross-CHK: ✗ FAIL
  THS isTrading: 0
  THS rt:        2100-2300,0900-1015,1030-1130,1330-1500
  Issues (3):
    - Sina HTTP error: Get "https://hq.sinajs.cn/rn=1784524720656&list=nf_JM2609": context deadline exceeded (Client.Timeout exceeded while awaiting headers)
    - THS turnover cross-check FAILED: f[2]=115155000 vs f[4]*f[3]*60=116533800
    - [TRACKING] isTrading=0 (semantic TBD)
------------------------------------------------------------
[HEALTH]2026/07/20 13:18:52 🚨 CRITICAL health detected!

[31m═══ HEALTH CHECK ═══[0m
  Time:          13:19:10
  Status:        [31m[CRITICAL][0m
  Sina Price:    1267.50 ✓
  Sina OI:       418669 ✓
  THS Price:     1267.50 ✓
  THS LatestVol: 1515 hands
  THS Bars:      256 bars
  THS Cross-CHK: ✗ FAIL
  THS isTrading: 0
  THS rt:        2100-2300,0900-1015,1030-1130,1330-1500
  Issues (2):
    - THS turnover cross-check FAILED: f[2]=115155000 vs f[4]*f[3]*60=116533800
    - [TRACKING] isTrading=0 (semantic TBD)
------------------------------------------------------------
[HEALTH]2026/07/20 13:19:11 🚨 CRITICAL health detected!

[31m═══ HEALTH CHECK ═══[0m
  Time:          13:19:41
  Status:        [31m[CRITICAL][0m
  Sina Price:    1267.50 ✓
  Sina OI:       418669 ✓
  THS Price:     1267.50 ✓
  THS LatestVol: 1515 hands
  THS Bars:      256 bars
  THS Cross-CHK: ✗ FAIL
  THS isTrading: 0
  THS rt:        2100-2300,0900-1015,1030-1130,1330-1500
  Issues (2):
    - THS turnover cross-check FAILED: f[2]=115155000 vs f[4]*f[3]*60=116533800
    - [TRACKING] isTrading=0 (semantic TBD)
------------------------------------------------------------
[HEALTH]2026/07/20 13:19:42 🚨 CRITICAL health detected!

[31m═══ HEALTH CHECK ═══[0m
  Time:          13:20:15
  Status:        [31m[CRITICAL][0m
  Sina:          ✗ DOWN
  THS Price:     1267.50 ✓
  THS LatestVol: 1515 hands
  THS Bars:      256 bars
  THS Cross-CHK: ✗ FAIL
  THS isTrading: 0
  THS rt:        2100-2300,0900-1015,1030-1130,1330-1500
  Issues (3):
    - Sina HTTP error: Get "https://hq.sinajs.cn/rn=1784524810656&list=nf_JM2609": dial tcp: lookup hq.sinajs.cn: i/o timeout
    - THS turnover cross-check FAILED: f[2]=115155000 vs f[4]*f[3]*60=116533800
    - [TRACKING] isTrading=0 (semantic TBD)
------------------------------------------------------------
[HEALTH]2026/07/20 13:20:16 🚨 CRITICAL health detected!

[31m═══ HEALTH CHECK ═══[0m
  Time:          13:20:40
  Status:        [31m[CRITICAL][0m
  Sina Price:    1267.50 ✓
  Sina OI:       418669 ✓
  THS Price:     1267.50 ✓
  THS LatestVol: 1515 hands
  THS Bars:      256 bars
  THS Cross-CHK: ✗ FAIL
  THS isTrading: 0
  THS rt:        2100-2300,0900-1015,1030-1130,1330-1500
  Issues (2):
    - THS turnover cross-check FAILED: f[2]=115155000 vs f[4]*f[3]*60=116533800
    - [TRACKING] isTrading=0 (semantic TBD)
------------------------------------------------------------
[HEALTH]2026/07/20 13:20:41 🚨 CRITICAL health detected!

[31m═══ HEALTH CHECK ═══[0m
  Time:          13:21:11
  Status:        [31m[CRITICAL][0m
  Sina Price:    1267.50 ✓
  Sina OI:       418669 ✓
  THS Price:     1267.50 ✓
  THS LatestVol: 1515 hands
  THS Bars:      256 bars
  THS Cross-CHK: ✗ FAIL
  THS isTrading: 0
  THS rt:        2100-2300,0900-1015,1030-1130,1330-1500
  Issues (2):
    - THS turnover cross-check FAILED: f[2]=115155000 vs f[4]*f[3]*60=116533800
    - [TRACKING] isTrading=0 (semantic TBD)
------------------------------------------------------------
[HEALTH]2026/07/20 13:21:11 🚨 CRITICAL health detected!

[31m═══ HEALTH CHECK ═══[0m
  Time:          13:21:41
  Status:        [31m[CRITICAL][0m
  Sina Price:    1267.50 ✓
  Sina OI:       418669 ✓
  THS Price:     1267.50 ✓
  THS LatestVol: 1515 hands
  THS Bars:      256 bars
  THS Cross-CHK: ✗ FAIL
  THS isTrading: 0
  THS rt:        2100-2300,0900-1015,1030-1130,1330-1500
  Issues (2):
    - THS turnover cross-check FAILED: f[2]=115155000 vs f[4]*f[3]*60=116533800
    - [TRACKING] isTrading=0 (semantic TBD)
------------------------------------------------------------
[HEALTH]2026/07/20 13:21:41 🚨 CRITICAL health detected!

[31m═══ HEALTH CHECK ═══[0m
  Time:          13:22:11
  Status:        [31m[CRITICAL][0m
  Sina Price:    1267.50 ✓
  Sina OI:       418669 ✓
  THS Price:     1267.50 ✓
  THS LatestVol: 1515 hands
  THS Bars:      256 bars
  THS Cross-CHK: ✗ FAIL
  THS isTrading: 0
  THS rt:        2100-2300,0900-1015,1030-1130,1330-1500
  Issues (2):
    - THS turnover cross-check FAILED: f[2]=115155000 vs f[4]*f[3]*60=116533800
    - [TRACKING] isTrading=0 (semantic TBD)
------------------------------------------------------------
[HEALTH]2026/07/20 13:22:11 🚨 CRITICAL health detected!

[31m═══ HEALTH CHECK ═══[0m
  Time:          13:22:40
  Status:        [31m[CRITICAL][0m
  Sina Price:    1267.50 ✓
  Sina OI:       418669 ✓
  THS Price:     1267.50 ✓
  THS LatestVol: 1515 hands
  THS Bars:      256 bars
  THS Cross-CHK: ✗ FAIL
  THS isTrading: 0
  THS rt:        2100-2300,0900-1015,1030-1130,1330-1500
  Issues (2):
    - THS turnover cross-check FAILED: f[2]=115155000 vs f[4]*f[3]*60=116533800
    - [TRACKING] isTrading=0 (semantic TBD)
------------------------------------------------------------
[HEALTH]2026/07/20 13:22:41 🚨 CRITICAL health detected!

[31m═══ HEALTH CHECK ═══[0m
  Time:          13:23:10
  Status:        [31m[CRITICAL][0m
  Sina Price:    1267.50 ✓
  Sina OI:       418669 ✓
  THS Price:     1267.50 ✓
  THS LatestVol: 1515 hands
  THS Bars:      256 bars
  THS Cross-CHK: ✗ FAIL
  THS isTrading: 0
  THS rt:        2100-2300,0900-1015,1030-1130,1330-1500
  Issues (2):
    - THS turnover cross-check FAILED: f[2]=115155000 vs f[4]*f[3]*60=116533800
    - [TRACKING] isTrading=0 (semantic TBD)
------------------------------------------------------------
[HEALTH]2026/07/20 13:23:11 🚨 CRITICAL health detected!

[31m═══ HEALTH CHECK ═══[0m
  Time:          13:23:41
  Status:        [31m[CRITICAL][0m
  Sina Price:    1267.50 ✓
  Sina OI:       418669 ✓
  THS Price:     1267.50 ✓
  THS LatestVol: 1515 hands
  THS Bars:      256 bars
  THS Cross-CHK: ✗ FAIL
  THS isTrading: 0
  THS rt:        2100-2300,0900-1015,1030-1130,1330-1500
  Issues (2):
    - THS turnover cross-check FAILED: f[2]=115155000 vs f[4]*f[3]*60=116533800
    - [TRACKING] isTrading=0 (semantic TBD)
------------------------------------------------------------
[HEALTH]2026/07/20 13:23:42 🚨 CRITICAL health detected!

[31m═══ HEALTH CHECK ═══[0m
  Time:          13:24:13
  Status:        [31m[CRITICAL][0m
  Sina Price:    1267.50 ✓
  Sina OI:       418669 ✓
  THS Price:     1267.50 ✓
  THS LatestVol: 1515 hands
  THS Bars:      256 bars
  THS Cross-CHK: ✗ FAIL
  THS isTrading: 0
  THS rt:        2100-2300,0900-1015,1030-1130,1330-1500
  Issues (2):
    - THS turnover cross-check FAILED: f[2]=115155000 vs f[4]*f[3]*60=116533800
    - [TRACKING] isTrading=0 (semantic TBD)
------------------------------------------------------------
[HEALTH]2026/07/20 13:24:14 🚨 CRITICAL health detected!

[31m═══ HEALTH CHECK ═══[0m
  Time:          13:24:40
  Status:        [31m[CRITICAL][0m
  Sina Price:    1267.50 ✓
  Sina OI:       418669 ✓
  THS Price:     1267.50 ✓
  THS LatestVol: 1515 hands
  THS Bars:      256 bars
  THS Cross-CHK: ✗ FAIL
  THS isTrading: 0
  THS rt:        2100-2300,0900-1015,1030-1130,1330-1500
  Issues (2):
    - THS turnover cross-check FAILED: f[2]=115155000 vs f[4]*f[3]*60=116533800
    - [TRACKING] isTrading=0 (semantic TBD)
------------------------------------------------------------
[HEALTH]2026/07/20 13:24:41 🚨 CRITICAL health detected!

[31m═══ HEALTH CHECK ═══[0m
  Time:          13:25:11
  Status:        [31m[CRITICAL][0m
  Sina Price:    1267.50 ✓
  Sina OI:       418669 ✓
  THS Price:     1267.50 ✓
  THS LatestVol: 1515 hands
  THS Bars:      256 bars
  THS Cross-CHK: ✗ FAIL
  THS isTrading: 0
  THS rt:        2100-2300,0900-1015,1030-1130,1330-1500
  Issues (2):
    - THS turnover cross-check FAILED: f[2]=115155000 vs f[4]*f[3]*60=116533800
    - [TRACKING] isTrading=0 (semantic TBD)
------------------------------------------------------------
[HEALTH]2026/07/20 13:25:12 🚨 CRITICAL health detected!
[HEALTH]2026/07/20 13:25:38 ⛔ Received signal terminated, shutting down...
[HEALTH]2026/07/20 13:25:38 [OFFLINE] health monitor exiting via signal, exit_code=0 (intentional, not a crash)
[HEALTH]2026/07/20 13:25:38 👋 Shutting down health monitor...
[HEALTH]2026/07/20 13:25:39 🔍 Health Monitor v1.2 started | Symbol: jm2609 | Interval: 30s
[HEALTH]2026/07/20 13:25:39 Targets: Sina(hq.sinajs.cn) + THS(d.10jqka.com.cn)
[HEALTH]2026/07/20 13:25:39 Checks: data freshness, volume sanity, turnover cross-validation, field mapping
[HEALTH]2026/07/20 13:25:39 Toggle flag: /root/wangliang/toggle_jm2609_health (write 'start' to enable, 'stop' to disable)

[31m═══ HEALTH CHECK ═══[0m
  Time:          13:25:44
  Status:        [31m[CRITICAL][0m
  Sina:          ✗ DOWN
  THS:           ✗ DOWN
  Issues (2):
    - Sina HTTP error: Get "https://hq.sinajs.cn/rn=1784525139157&list=nf_JM2609": dial tcp: lookup hq.sinajs.cn: i/o timeout
    - THS HTTP error: Get "http://d.10jqka.com.cn/v6/time/qh_jm2609/last.js": dial tcp: lookup d.10jqka.com.cn: i/o timeout
------------------------------------------------------------
[HEALTH]2026/07/20 13:25:49 🚨 CRITICAL health detected!

[31m═══ HEALTH CHECK ═══[0m
  Time:          13:26:09
  Status:        [31m[CRITICAL][0m
  Sina Price:    1267.50 ✓
  Sina OI:       418669 ✓
  THS Price:     1267.50 ✓
  THS LatestVol: 1515 hands
  THS Bars:      256 bars
  THS Cross-CHK: ✗ FAIL
  THS isTrading: 0
  THS rt:        2100-2300,0900-1015,1030-1130,1330-1500
  Issues (2):
    - THS turnover cross-check FAILED: f[2]=115155000 vs f[4]*f[3]*60=116533800
    - [TRACKING] isTrading=0 (semantic TBD)
------------------------------------------------------------
[HEALTH]2026/07/20 13:26:10 🚨 CRITICAL health detected!

[31m═══ HEALTH CHECK ═══[0m
  Time:          13:26:44
  Status:        [31m[CRITICAL][0m
  Sina:          ✗ DOWN
  THS Price:     1267.50 ✓
  THS LatestVol: 1515 hands
  THS Bars:      256 bars
  THS Cross-CHK: ✗ FAIL
  THS isTrading: 0
  THS rt:        2100-2300,0900-1015,1030-1130,1330-1500
  Issues (3):
    - Sina HTTP error: Get "https://hq.sinajs.cn/rn=1784525199159&list=nf_JM2609": dial tcp: lookup hq.sinajs.cn: i/o timeout
    - THS turnover cross-check FAILED: f[2]=115155000 vs f[4]*f[3]*60=116533800
    - [TRACKING] isTrading=0 (semantic TBD)
------------------------------------------------------------
[HEALTH]2026/07/20 13:26:44 🚨 CRITICAL health detected!

[31m═══ HEALTH CHECK ═══[0m
  Time:          13:27:09
  Status:        [31m[CRITICAL][0m
  Sina Price:    1267.50 ✓
  Sina OI:       418669 ✓
  THS Price:     1267.50 ✓
  THS LatestVol: 1515 hands
  THS Bars:      256 bars
  THS Cross-CHK: ✗ FAIL
  THS isTrading: 0
  THS rt:        2100-2300,0900-1015,1030-1130,1330-1500
  Issues (2):
    - THS turnover cross-check FAILED: f[2]=115155000 vs f[4]*f[3]*60=116533800
    - [TRACKING] isTrading=0 (semantic TBD)
------------------------------------------------------------
[HEALTH]2026/07/20 13:27:09 🚨 CRITICAL health detected!

[31m═══ HEALTH CHECK ═══[0m
  Time:          13:27:39
  Status:        [31m[CRITICAL][0m
  Sina Price:    1267.50 ✓
  Sina OI:       418669 ✓
  THS Price:     1267.50 ✓
  THS LatestVol: 1515 hands
  THS Bars:      256 bars
  THS Cross-CHK: ✗ FAIL
  THS isTrading: 0
  THS rt:        2100-2300,0900-1015,1030-1130,1330-1500
  Issues (2):
    - THS turnover cross-check FAILED: f[2]=115155000 vs f[4]*f[3]*60=116533800
    - [TRACKING] isTrading=0 (semantic TBD)
------------------------------------------------------------
[HEALTH]2026/07/20 13:27:40 🚨 CRITICAL health detected!

[31m═══ HEALTH CHECK ═══[0m
  Time:          13:28:09
  Status:        [31m[CRITICAL][0m
  Sina Price:    1267.50 ✓
  Sina OI:       418669 ✓
  THS Price:     1267.50 ✓
  THS LatestVol: 1515 hands
  THS Bars:      256 bars
  THS Cross-CHK: ✗ FAIL
  THS isTrading: 0
  THS rt:        2100-2300,0900-1015,1030-1130,1330-1500
  Issues (2):
    - THS turnover cross-check FAILED: f[2]=115155000 vs f[4]*f[3]*60=116533800
    - [TRACKING] isTrading=0 (semantic TBD)
------------------------------------------------------------
[HEALTH]2026/07/20 13:28:09 🚨 CRITICAL health detected!
[HEALTH]2026/07/20 13:28:10 ⛔ Received signal terminated, shutting down...
[HEALTH]2026/07/20 13:28:10 [OFFLINE] health monitor exiting via signal, exit_code=0 (intentional, not a crash)
[HEALTH]2026/07/20 13:28:10 👋 Shutting down health monitor...
