[HEALTH]2026/07/20 13:30:39 🔍 Health Monitor v1.2 started | Symbol: jm2609 | Interval: 30s
[HEALTH]2026/07/20 13:30:39 Targets: Sina(hq.sinajs.cn) + THS(d.10jqka.com.cn)
[HEALTH]2026/07/20 13:30:39 Checks: data freshness, volume sanity, turnover cross-validation, field mapping
[HEALTH]2026/07/20 13:30:39 Toggle flag: /root/wangliang/toggle_jm2609_health (write 'start' to enable, 'stop' to disable)

[31m═══ HEALTH CHECK ═══[0m
  Time:          13:30:39
  Status:        [31m[CRITICAL][0m
  Sina Price:    1267.00 ✓
  Sina OI:       418464 ✓
  THS Price:     1267.50 ✓
  THS LatestVol: 1515 hands
  THS Bars:      256 bars
  THS Cross-CHK: ✗ FAIL
  THS isTrading: 0
  THS rt:        2100-2300,0900-1015,1030-1130,1330-1500
  Issues (2):
    - THS turnover cross-check FAILED: f[2]=115155000 vs f[4]*f[3]*60=116533800
    - [TRACKING] isTrading=0 (semantic TBD)
------------------------------------------------------------
[HEALTH]2026/07/20 13:30:41 🚨 CRITICAL health detected!

[31m═══ HEALTH CHECK ═══[0m
  Time:          13:31:09
  Status:        [31m[CRITICAL][0m
  Sina Price:    1268.00 ✓
  Sina OI:       418566 ✓
  THS Price:     1267.50 ✓
  THS LatestVol: 1515 hands
  THS Bars:      256 bars
  THS Cross-CHK: ✗ FAIL
  THS isTrading: 0
  THS rt:        2100-2300,0900-1015,1030-1130,1330-1500
  Issues (2):
    - THS turnover cross-check FAILED: f[2]=115155000 vs f[4]*f[3]*60=116533800
    - [TRACKING] isTrading=0 (semantic TBD)
------------------------------------------------------------
[HEALTH]2026/07/20 13:31:09 🚨 CRITICAL health detected!

[31m═══ HEALTH CHECK ═══[0m
  Time:          13:31:39
  Status:        [31m[CRITICAL][0m
  Sina Price:    1268.50 ✓
  Sina OI:       418527 ✓
  THS Price:     1267.50 ✓
  THS LatestVol: 3435 hands
  THS Bars:      257 bars
  THS Cross-CHK: ✗ FAIL
  THS isTrading: 1
  THS rt:        2100-2300,0900-1015,1030-1130,1330-1500
  Issues (2):
    - THS turnover cross-check FAILED: f[2]=260963000 vs f[4]*f[3]*60=264220200
    - [TRACKING] isTrading=1 (semantic TBD)
------------------------------------------------------------
[HEALTH]2026/07/20 13:31:40 🚨 CRITICAL health detected!

[31m═══ HEALTH CHECK ═══[0m
  Time:          13:32:14
  Status:        [31m[CRITICAL][0m
  Sina:          ✗ DOWN
  THS:           ✗ DOWN
  Issues (2):
    - Sina HTTP error: Get "https://hq.sinajs.cn/rn=1784525529011&list=nf_JM2609": dial tcp: lookup hq.sinajs.cn: i/o timeout
    - THS HTTP error: Get "http://d.10jqka.com.cn/v6/time/qh_jm2609/last.js": context deadline exceeded (Client.Timeout exceeded while awaiting headers)
------------------------------------------------------------
[HEALTH]2026/07/20 13:32:22 🚨 CRITICAL health detected!

[31m═══ HEALTH CHECK ═══[0m
  Time:          13:32:39
  Status:        [31m[CRITICAL][0m
  Sina Price:    1271.00 ✓
  Sina OI:       418403 ✓
  THS Price:     1268.50 ✓
  THS LatestVol: 2609 hands
  THS Bars:      258 bars
  THS Cross-CHK: ✗ FAIL
  THS isTrading: 1
  THS rt:        2100-2300,0900-1015,1030-1130,1330-1500
  Issues (2):
    - THS turnover cross-check FAILED: f[2]=198526000 vs f[4]*f[3]*60=200684280
    - [TRACKING] isTrading=1 (semantic TBD)
------------------------------------------------------------
[HEALTH]2026/07/20 13:32:39 🚨 CRITICAL health detected!

[31m═══ HEALTH CHECK ═══[0m
  Time:          13:33:09
  Status:        [31m[CRITICAL][0m
  Sina Price:    1270.50 ✓
  Sina OI:       418276 ✓
  THS Price:     1268.50 ✓
  THS LatestVol: 2609 hands
  THS Bars:      258 bars
  THS Cross-CHK: ✗ FAIL
  THS isTrading: 1
  THS rt:        2100-2300,0900-1015,1030-1130,1330-1500
  Issues (2):
    - THS turnover cross-check FAILED: f[2]=198526000 vs f[4]*f[3]*60=200684280
    - [TRACKING] isTrading=1 (semantic TBD)
------------------------------------------------------------
[HEALTH]2026/07/20 13:33:09 🚨 CRITICAL health detected!

[31m═══ HEALTH CHECK ═══[0m
  Time:          13:33:39
  Status:        [31m[CRITICAL][0m
  Sina Price:    1271.00 ✓
  Sina OI:       418123 ✓
  THS Price:     1271.00 ✓
  THS LatestVol: 4078 hands
  THS Bars:      259 bars
  THS Cross-CHK: ✗ FAIL
  THS isTrading: 1
  THS rt:        2100-2300,0900-1015,1030-1130,1330-1500
  Issues (2):
    - THS turnover cross-check FAILED: f[2]=310779000 vs f[4]*f[3]*60=313679760
    - [TRACKING] isTrading=1 (semantic TBD)
------------------------------------------------------------
[HEALTH]2026/07/20 13:33:39 🚨 CRITICAL health detected!

[31m═══ HEALTH CHECK ═══[0m
  Time:          13:34:09
  Status:        [31m[CRITICAL][0m
  Sina Price:    1271.50 ✓
  Sina OI:       417800 ✓
  THS Price:     1271.00 ✓
  THS LatestVol: 4078 hands
  THS Bars:      259 bars
  THS Cross-CHK: ✗ FAIL
  THS isTrading: 1
  THS rt:        2100-2300,0900-1015,1030-1130,1330-1500
  Issues (2):
    - THS turnover cross-check FAILED: f[2]=310779000 vs f[4]*f[3]*60=313679760
    - [TRACKING] isTrading=1 (semantic TBD)
------------------------------------------------------------
[HEALTH]2026/07/20 13:34:09 🚨 CRITICAL health detected!
[HEALTH]2026/07/20 13:34:27 🔍 Health Monitor v1.2 started | Symbol: jm2609 | Interval: 30s
[HEALTH]2026/07/20 13:34:27 Targets: Sina(hq.sinajs.cn) + THS(d.10jqka.com.cn)
[HEALTH]2026/07/20 13:34:27 Checks: data freshness, volume sanity, turnover cross-validation, field mapping
[HEALTH]2026/07/20 13:34:27 Toggle flag: /root/wangliang/toggle_jm2609_health (write 'start' to enable, 'stop' to disable)

[32m═══ HEALTH CHECK ═══[0m
  Time:          13:34:28
  Status:        [32m[OK][0m
  Sina Price:    1272.50 ✓
  Sina OI:       417616 ✓
  THS Price:     1271.50 ✓
  THS LatestVol: 3295 hands
  THS Bars:      260 bars
  THS Cross-CHK: ✓ PASS (f[2]=f[4]*f[3]*60)
  THS isTrading: 1
  THS rt:        2100-2300,0900-1015,1030-1130,1330-1500
  Issues (1):
    - [TRACKING] isTrading=1 (semantic TBD)
------------------------------------------------------------

[32m═══ HEALTH CHECK ═══[0m
  Time:          13:34:57
  Status:        [32m[OK][0m
  Sina Price:    1273.50 ✓
  Sina OI:       417527 ✓
  THS Price:     1271.50 ✓
  THS LatestVol: 3295 hands
  THS Bars:      260 bars
  THS Cross-CHK: ✓ PASS (f[2]=f[4]*f[3]*60)
  THS isTrading: 1
  THS rt:        2100-2300,0900-1015,1030-1130,1330-1500
  Issues (1):
    - [TRACKING] isTrading=1 (semantic TBD)
------------------------------------------------------------

[32m═══ HEALTH CHECK ═══[0m
  Time:          13:35:27
  Status:        [32m[OK][0m
  Sina Price:    1273.50 ✓
  Sina OI:       417208 ✓
  THS Price:     1271.50 ✓
  THS LatestVol: 3295 hands
  THS Bars:      260 bars
  THS Cross-CHK: ✓ PASS (f[2]=f[4]*f[3]*60)
  THS isTrading: 1
  THS rt:        2100-2300,0900-1015,1030-1130,1330-1500
  Issues (1):
    - [TRACKING] isTrading=1 (semantic TBD)
------------------------------------------------------------

[32m═══ HEALTH CHECK ═══[0m
  Time:          13:35:57
  Status:        [32m[OK][0m
  Sina Price:    1274.00 ✓
  Sina OI:       416966 ✓
  THS Price:     1272.50 ✓
  THS LatestVol: 2893 hands
  THS Bars:      261 bars
  THS Cross-CHK: ✓ PASS (f[2]=f[4]*f[3]*60)
  THS isTrading: 1
  THS rt:        2100-2300,0900-1015,1030-1130,1330-1500
  Issues (1):
    - [TRACKING] isTrading=1 (semantic TBD)
------------------------------------------------------------

[32m═══ HEALTH CHECK ═══[0m
  Time:          13:36:27
  Status:        [32m[OK][0m
  Sina Price:    1273.00 ✓
  Sina OI:       416648 ✓
  THS Price:     1272.50 ✓
  THS LatestVol: 2893 hands
  THS Bars:      261 bars
  THS Cross-CHK: ✓ PASS (f[2]=f[4]*f[3]*60)
  THS isTrading: 1
  THS rt:        2100-2300,0900-1015,1030-1130,1330-1500
  Issues (1):
    - [TRACKING] isTrading=1 (semantic TBD)
------------------------------------------------------------

[32m═══ HEALTH CHECK ═══[0m
  Time:          13:36:57
  Status:        [32m[OK][0m
  Sina Price:    1273.00 ✓
  Sina OI:       416491 ✓
  THS Price:     1272.50 ✓
  THS LatestVol: 2893 hands
  THS Bars:      261 bars
  THS Cross-CHK: ✓ PASS (f[2]=f[4]*f[3]*60)
  THS isTrading: 1
  THS rt:        2100-2300,0900-1015,1030-1130,1330-1500
  Issues (1):
    - [TRACKING] isTrading=1 (semantic TBD)
------------------------------------------------------------

[32m═══ HEALTH CHECK ═══[0m
  Time:          13:37:27
  Status:        [32m[OK][0m
  Sina Price:    1272.50 ✓
  Sina OI:       416274 ✓
  THS Price:     1273.00 ✓
  THS LatestVol: 2255 hands
  THS Bars:      263 bars
  THS Cross-CHK: ✓ PASS (f[2]=f[4]*f[3]*60)
  THS isTrading: 1
  THS rt:        2100-2300,0900-1015,1030-1130,1330-1500
  Issues (1):
    - [TRACKING] isTrading=1 (semantic TBD)
------------------------------------------------------------

[32m═══ HEALTH CHECK ═══[0m
  Time:          13:37:57
  Status:        [32m[OK][0m
  Sina Price:    1272.50 ✓
  Sina OI:       416210 ✓
  THS Price:     1273.00 ✓
  THS LatestVol: 2255 hands
  THS Bars:      263 bars
  THS Cross-CHK: ✓ PASS (f[2]=f[4]*f[3]*60)
  THS isTrading: 1
  THS rt:        2100-2300,0900-1015,1030-1130,1330-1500
  Issues (1):
    - [TRACKING] isTrading=1 (semantic TBD)
------------------------------------------------------------

[32m═══ HEALTH CHECK ═══[0m
  Time:          13:38:27
  Status:        [32m[OK][0m
  Sina Price:    1271.00 ✓
  Sina OI:       416157 ✓
  THS Price:     1272.00 ✓
  THS LatestVol: 1504 hands
  THS Bars:      264 bars
  THS Cross-CHK: ✓ PASS (f[2]=f[4]*f[3]*60)
  THS isTrading: 1
  THS rt:        2100-2300,0900-1015,1030-1130,1330-1500
  Issues (1):
    - [TRACKING] isTrading=1 (semantic TBD)
------------------------------------------------------------
[HEALTH]2026/07/20 13:38:50 🔍 Health Monitor v1.2 started | Symbol: jm2609 | Interval: 30s
[HEALTH]2026/07/20 13:38:50 Targets: Sina(hq.sinajs.cn) + THS(d.10jqka.com.cn)
[HEALTH]2026/07/20 13:38:50 Checks: data freshness, volume sanity, turnover cross-validation, field mapping
[HEALTH]2026/07/20 13:38:50 Toggle flag: /root/wangliang/toggle_jm2609_health (write 'start' to enable, 'stop' to disable)

[32m═══ HEALTH CHECK ═══[0m
  Time:          13:38:50
  Status:        [32m[OK][0m
  Sina Price:    1270.50 ✓
  Sina OI:       416168 ✓
  THS Price:     1272.00 ✓
  THS LatestVol: 1504 hands
  THS Bars:      264 bars
  THS Cross-CHK: ✓ PASS (f[2]=f[4]*f[3]*60)
  THS isTrading: 1
  THS rt:        2100-2300,0900-1015,1030-1130,1330-1500
  Issues (1):
    - [TRACKING] isTrading=1 (semantic TBD)
------------------------------------------------------------

[32m═══ HEALTH CHECK ═══[0m
  Time:          13:39:20
  Status:        [32m[OK][0m
  Sina Price:    1271.00 ✓
  Sina OI:       415943 ✓
  THS Price:     1272.00 ✓
  THS LatestVol: 1504 hands
  THS Bars:      264 bars
  THS Cross-CHK: ✓ PASS (f[2]=f[4]*f[3]*60)
  THS isTrading: 1
  THS rt:        2100-2300,0900-1015,1030-1130,1330-1500
  Issues (1):
    - [TRACKING] isTrading=1 (semantic TBD)
------------------------------------------------------------

[32m═══ HEALTH CHECK ═══[0m
  Time:          13:39:50
  Status:        [32m[OK][0m
  Sina Price:    1271.50 ✓
  Sina OI:       415929 ✓
  THS Price:     1270.50 ✓
  THS LatestVol: 1194 hands
  THS Bars:      265 bars
  THS Cross-CHK: ✓ PASS (f[2]=f[4]*f[3]*60)
  THS isTrading: 1
  THS rt:        2100-2300,0900-1015,1030-1130,1330-1500
  Issues (1):
    - [TRACKING] isTrading=1 (semantic TBD)
------------------------------------------------------------

[32m═══ HEALTH CHECK ═══[0m
  Time:          13:40:20
  Status:        [32m[OK][0m
  Sina Price:    1273.50 ✓
  Sina OI:       415523 ✓
  THS Price:     1270.50 ✓
  THS LatestVol: 1194 hands
  THS Bars:      265 bars
  THS Cross-CHK: ✓ PASS (f[2]=f[4]*f[3]*60)
  THS isTrading: 1
  THS rt:        2100-2300,0900-1015,1030-1130,1330-1500
  Issues (1):
    - [TRACKING] isTrading=1 (semantic TBD)
------------------------------------------------------------

[32m═══ HEALTH CHECK ═══[0m
  Time:          13:40:50
  Status:        [32m[OK][0m
  Sina Price:    1273.00 ✓
  Sina OI:       415617 ✓
  THS Price:     1273.00 ✓
  THS LatestVol: 1487 hands
  THS Bars:      266 bars
  THS Cross-CHK: ✓ PASS (f[2]=f[4]*f[3]*60)
  THS isTrading: 1
  THS rt:        2100-2300,0900-1015,1030-1130,1330-1500
  Issues (1):
    - [TRACKING] isTrading=1 (semantic TBD)
------------------------------------------------------------

[32m═══ HEALTH CHECK ═══[0m
  Time:          13:41:20
  Status:        [32m[OK][0m
  Sina Price:    1272.00 ✓
  Sina OI:       415684 ✓
  THS Price:     1273.00 ✓
  THS LatestVol: 1487 hands
  THS Bars:      266 bars
  THS Cross-CHK: ✓ PASS (f[2]=f[4]*f[3]*60)
  THS isTrading: 1
  THS rt:        2100-2300,0900-1015,1030-1130,1330-1500
  Issues (1):
    - [TRACKING] isTrading=1 (semantic TBD)
------------------------------------------------------------

[32m═══ HEALTH CHECK ═══[0m
  Time:          13:41:50
  Status:        [32m[OK][0m
  Sina Price:    1272.00 ✓
  Sina OI:       415641 ✓
  THS Price:     1273.00 ✓
  THS LatestVol: 1487 hands
  THS Bars:      266 bars
  THS Cross-CHK: ✓ PASS (f[2]=f[4]*f[3]*60)
  THS isTrading: 1
  THS rt:        2100-2300,0900-1015,1030-1130,1330-1500
  Issues (1):
    - [TRACKING] isTrading=1 (semantic TBD)
------------------------------------------------------------

[32m═══ HEALTH CHECK ═══[0m
  Time:          13:42:20
  Status:        [32m[OK][0m
  Sina Price:    1271.50 ✓
  Sina OI:       415580 ✓
  THS Price:     1272.50 ✓
  THS LatestVol: 1008 hands
  THS Bars:      268 bars
  THS Cross-CHK: ✓ PASS (f[2]=f[4]*f[3]*60)
  THS isTrading: 1
  THS rt:        2100-2300,0900-1015,1030-1130,1330-1500
  Issues (1):
    - [TRACKING] isTrading=1 (semantic TBD)
------------------------------------------------------------

[31m═══ HEALTH CHECK ═══[0m
  Time:          13:42:58
  Status:        [31m[CRITICAL][0m
  Sina:          ✗ DOWN
  THS:           ✗ DOWN
  Issues (2):
    - Sina HTTP error: Get "https://hq.sinajs.cn/rn=1784526170356&list=nf_JM2609": context deadline exceeded (Client.Timeout exceeded while awaiting headers)
    - THS HTTP error: Get "http://d.10jqka.com.cn/v6/time/qh_jm2609/last.js": dial tcp: lookup d.10jqka.com.cn: i/o timeout
------------------------------------------------------------
[HEALTH]2026/07/20 13:43:03 🚨 CRITICAL health detected!

[32m═══ HEALTH CHECK ═══[0m
  Time:          13:43:20
  Status:        [32m[OK][0m
  Sina Price:    1271.50 ✓
  Sina OI:       415581 ✓
  THS Price:     1271.50 ✓
  THS LatestVol: 755 hands
  THS Bars:      269 bars
  THS Cross-CHK: ✓ PASS (f[2]=f[4]*f[3]*60)
  THS isTrading: 1
  THS rt:        2100-2300,0900-1015,1030-1130,1330-1500
  Issues (1):
    - [TRACKING] isTrading=1 (semantic TBD)
------------------------------------------------------------
[HEALTH]2026/07/20 13:43:34 🔍 Health Monitor v1.2 started | Symbol: jm2609 | Interval: 30s
[HEALTH]2026/07/20 13:43:34 Targets: Sina(hq.sinajs.cn) + THS(d.10jqka.com.cn)
[HEALTH]2026/07/20 13:43:34 Checks: data freshness, volume sanity, turnover cross-validation, field mapping
[HEALTH]2026/07/20 13:43:34 Toggle flag: /root/wangliang/toggle_jm2609_health (write 'start' to enable, 'stop' to disable)

[32m═══ HEALTH CHECK ═══[0m
  Time:          13:43:35
  Status:        [32m[OK][0m
  Sina Price:    1271.50 ✓
  Sina OI:       415573 ✓
  THS Price:     1271.50 ✓
  THS LatestVol: 755 hands
  THS Bars:      269 bars
  THS Cross-CHK: ✓ PASS (f[2]=f[4]*f[3]*60)
  THS isTrading: 1
  THS rt:        2100-2300,0900-1015,1030-1130,1330-1500
  Issues (1):
    - [TRACKING] isTrading=1 (semantic TBD)
------------------------------------------------------------

[32m═══ HEALTH CHECK ═══[0m
  Time:          13:44:05
  Status:        [32m[OK][0m
  Sina Price:    1271.00 ✓
  Sina OI:       415593 ✓
  THS Price:     1271.50 ✓
  THS LatestVol: 755 hands
  THS Bars:      269 bars
  THS Cross-CHK: ✓ PASS (f[2]=f[4]*f[3]*60)
  THS isTrading: 1
  THS rt:        2100-2300,0900-1015,1030-1130,1330-1500
  Issues (1):
    - [TRACKING] isTrading=1 (semantic TBD)
------------------------------------------------------------

[32m═══ HEALTH CHECK ═══[0m
  Time:          13:44:35
  Status:        [32m[OK][0m
  Sina Price:    1271.00 ✓
  Sina OI:       415599 ✓
  THS Price:     1271.50 ✓
  THS LatestVol: 755 hands
  THS Bars:      269 bars
  THS Cross-CHK: ✓ PASS (f[2]=f[4]*f[3]*60)
  THS isTrading: 1
  THS rt:        2100-2300,0900-1015,1030-1130,1330-1500
  Issues (1):
    - [TRACKING] isTrading=1 (semantic TBD)
------------------------------------------------------------

[32m═══ HEALTH CHECK ═══[0m
  Time:          13:45:05
  Status:        [32m[OK][0m
  Sina Price:    1272.00 ✓
  Sina OI:       415631 ✓
  THS Price:     1271.50 ✓
  THS LatestVol: 817 hands
  THS Bars:      271 bars
  THS Cross-CHK: ✓ PASS (f[2]=f[4]*f[3]*60)
  THS isTrading: 1
  THS rt:        2100-2300,0900-1015,1030-1130,1330-1500
  Issues (1):
    - [TRACKING] isTrading=1 (semantic TBD)
------------------------------------------------------------

[32m═══ HEALTH CHECK ═══[0m
  Time:          13:45:36
  Status:        [32m[OK][0m
  Sina Price:    1271.50 ✓
  Sina OI:       415669 ✓
  THS Price:     1271.50 ✓
  THS LatestVol: 458 hands
  THS Bars:      270 bars
  THS Cross-CHK: ✓ PASS (f[2]=f[4]*f[3]*60)
  THS isTrading: 1
  THS rt:        2100-2300,0900-1015,1030-1130,1330-1500
  Issues (1):
    - [TRACKING] isTrading=1 (semantic TBD)
------------------------------------------------------------

[32m═══ HEALTH CHECK ═══[0m
  Time:          13:46:05
  Status:        [32m[OK][0m
  Sina Price:    1270.50 ✓
  Sina OI:       415801 ✓
  THS Price:     1271.00 ✓
  THS LatestVol: 540 hands
  THS Bars:      272 bars
  THS Cross-CHK: ✓ PASS (f[2]=f[4]*f[3]*60)
  THS isTrading: 1
  THS rt:        2100-2300,0900-1015,1030-1130,1330-1500
  Issues (1):
    - [TRACKING] isTrading=1 (semantic TBD)
------------------------------------------------------------
[HEALTH]2026/07/20 13:47:04 🔍 Health Monitor v1.2 started | Symbol: jm2609 | Interval: 30s
[HEALTH]2026/07/20 13:47:04 Targets: Sina(hq.sinajs.cn) + THS(d.10jqka.com.cn)
[HEALTH]2026/07/20 13:47:04 Checks: data freshness, volume sanity, turnover cross-validation, field mapping
[HEALTH]2026/07/20 13:47:04 Toggle flag: /root/wangliang/toggle_jm2609_health (write 'start' to enable, 'stop' to disable)

[32m═══ HEALTH CHECK ═══[0m
  Time:          13:47:04
  Status:        [32m[OK][0m
  Sina Price:    1268.00 ✓
  Sina OI:       415096 ✓
  THS Price:     1267.50 ✓
  THS LatestVol: 2849 hands
  THS Bars:      273 bars
  THS Cross-CHK: ✓ PASS (f[2]=f[4]*f[3]*60)
  THS isTrading: 1
  THS rt:        2100-2300,0900-1015,1030-1130,1330-1500
  Issues (1):
    - [TRACKING] isTrading=1 (semantic TBD)
------------------------------------------------------------

[32m═══ HEALTH CHECK ═══[0m
  Time:          13:47:34
  Status:        [32m[OK][0m
  Sina Price:    1271.50 ✓
  Sina OI:       414947 ✓
  THS Price:     1267.50 ✓
  THS LatestVol: 2849 hands
  THS Bars:      273 bars
  THS Cross-CHK: ✓ PASS (f[2]=f[4]*f[3]*60)
  THS isTrading: 1
  THS rt:        2100-2300,0900-1015,1030-1130,1330-1500
  Issues (1):
    - [TRACKING] isTrading=1 (semantic TBD)
------------------------------------------------------------

[31m═══ HEALTH CHECK ═══[0m
  Time:          13:48:12
  Status:        [31m[CRITICAL][0m
  Sina:          ✗ DOWN
  THS Price:     1272.00 ✓
  THS LatestVol: 3017 hands
  THS Bars:      274 bars
  THS Cross-CHK: ✓ PASS (f[2]=f[4]*f[3]*60)
  THS isTrading: 1
  THS rt:        2100-2300,0900-1015,1030-1130,1330-1500
  Issues (2):
    - Sina HTTP error: Get "https://hq.sinajs.cn/rn=1784526484015&list=nf_JM2609": context deadline exceeded (Client.Timeout exceeded while awaiting headers)
    - [TRACKING] isTrading=1 (semantic TBD)
------------------------------------------------------------
[HEALTH]2026/07/20 13:48:14 🚨 CRITICAL health detected!

[32m═══ HEALTH CHECK ═══[0m
  Time:          13:48:34
  Status:        [32m[OK][0m
  Sina Price:    1272.50 ✓
  Sina OI:       415039 ✓
  THS Price:     1272.00 ✓
  THS LatestVol: 3017 hands
  THS Bars:      274 bars
  THS Cross-CHK: ✓ PASS (f[2]=f[4]*f[3]*60)
  THS isTrading: 1
  THS rt:        2100-2300,0900-1015,1030-1130,1330-1500
  Issues (1):
    - [TRACKING] isTrading=1 (semantic TBD)
------------------------------------------------------------

[32m═══ HEALTH CHECK ═══[0m
  Time:          13:49:04
  Status:        [32m[OK][0m
  Sina Price:    1272.00 ✓
  Sina OI:       415128 ✓
  THS Price:     1272.00 ✓
  THS LatestVol: 3017 hands
  THS Bars:      274 bars
  THS Cross-CHK: ✓ PASS (f[2]=f[4]*f[3]*60)
  THS isTrading: 1
  THS rt:        2100-2300,0900-1015,1030-1130,1330-1500
  Issues (1):
    - [TRACKING] isTrading=1 (semantic TBD)
------------------------------------------------------------

[32m═══ HEALTH CHECK ═══[0m
  Time:          13:49:34
  Status:        [32m[OK][0m
  Sina Price:    1271.00 ✓
  Sina OI:       415106 ✓
  THS Price:     1272.00 ✓
  THS LatestVol: 1888 hands
  THS Bars:      275 bars
  THS Cross-CHK: ✓ PASS (f[2]=f[4]*f[3]*60)
  THS isTrading: 1
  THS rt:        2100-2300,0900-1015,1030-1130,1330-1500
  Issues (1):
    - [TRACKING] isTrading=1 (semantic TBD)
------------------------------------------------------------

[32m═══ HEALTH CHECK ═══[0m
  Time:          13:50:04
  Status:        [32m[OK][0m
  Sina Price:    1271.00 ✓
  Sina OI:       415058 ✓
  THS Price:     1271.50 ✓
  THS LatestVol: 918 hands
  THS Bars:      276 bars
  THS Cross-CHK: ✓ PASS (f[2]=f[4]*f[3]*60)
  THS isTrading: 1
  THS rt:        2100-2300,0900-1015,1030-1130,1330-1500
  Issues (1):
    - [TRACKING] isTrading=1 (semantic TBD)
------------------------------------------------------------

[32m═══ HEALTH CHECK ═══[0m
  Time:          13:50:34
  Status:        [32m[OK][0m
  Sina Price:    1271.50 ✓
  Sina OI:       415074 ✓
  THS Price:     1271.50 ✓
  THS LatestVol: 918 hands
  THS Bars:      276 bars
  THS Cross-CHK: ✓ PASS (f[2]=f[4]*f[3]*60)
  THS isTrading: 1
  THS rt:        2100-2300,0900-1015,1030-1130,1330-1500
  Issues (1):
    - [TRACKING] isTrading=1 (semantic TBD)
------------------------------------------------------------

[32m═══ HEALTH CHECK ═══[0m
  Time:          13:51:04
  Status:        [32m[OK][0m
  Sina Price:    1269.50 ✓
  Sina OI:       415111 ✓
  THS Price:     1271.50 ✓
  THS LatestVol: 918 hands
  THS Bars:      276 bars
  THS Cross-CHK: ✓ PASS (f[2]=f[4]*f[3]*60)
  THS isTrading: 1
  THS rt:        2100-2300,0900-1015,1030-1130,1330-1500
  Issues (1):
    - [TRACKING] isTrading=1 (semantic TBD)
------------------------------------------------------------

[32m═══ HEALTH CHECK ═══[0m
  Time:          13:51:34
  Status:        [32m[OK][0m
  Sina Price:    1268.00 ✓
  Sina OI:       414659 ✓
  THS Price:     1271.50 ✓
  THS LatestVol: 600 hands
  THS Bars:      277 bars
  THS Cross-CHK: ✓ PASS (f[2]=f[4]*f[3]*60)
  THS isTrading: 1
  THS rt:        2100-2300,0900-1015,1030-1130,1330-1500
  Issues (1):
    - [TRACKING] isTrading=1 (semantic TBD)
------------------------------------------------------------

[32m═══ HEALTH CHECK ═══[0m
  Time:          13:52:04
  Status:        [32m[OK][0m
  Sina Price:    1268.50 ✓
  Sina OI:       414556 ✓
  THS Price:     1271.50 ✓
  THS LatestVol: 600 hands
  THS Bars:      277 bars
  THS Cross-CHK: ✓ PASS (f[2]=f[4]*f[3]*60)
  THS isTrading: 1
  THS rt:        2100-2300,0900-1015,1030-1130,1330-1500
  Issues (1):
    - [TRACKING] isTrading=1 (semantic TBD)
------------------------------------------------------------

[32m═══ HEALTH CHECK ═══[0m
  Time:          13:52:34
  Status:        [32m[OK][0m
  Sina Price:    1269.00 ✓
  Sina OI:       414530 ✓
  THS Price:     1268.50 ✓
  THS LatestVol: 2434 hands
  THS Bars:      278 bars
  THS Cross-CHK: ✓ PASS (f[2]=f[4]*f[3]*60)
  THS isTrading: 1
  THS rt:        2100-2300,0900-1015,1030-1130,1330-1500
  Issues (1):
    - [TRACKING] isTrading=1 (semantic TBD)
------------------------------------------------------------

[32m═══ HEALTH CHECK ═══[0m
  Time:          13:53:04
  Status:        [32m[OK][0m
  Sina Price:    1268.50 ✓
  Sina OI:       414457 ✓
  THS Price:     1268.50 ✓
  THS LatestVol: 1017 hands
  THS Bars:      279 bars
  THS Cross-CHK: ✓ PASS (f[2]=f[4]*f[3]*60)
  THS isTrading: 1
  THS rt:        2100-2300,0900-1015,1030-1130,1330-1500
  Issues (1):
    - [TRACKING] isTrading=1 (semantic TBD)
------------------------------------------------------------

[32m═══ HEALTH CHECK ═══[0m
  Time:          13:53:34
  Status:        [32m[OK][0m
  Sina Price:    1270.00 ✓
  Sina OI:       414366 ✓
  THS Price:     1268.50 ✓
  THS LatestVol: 1017 hands
  THS Bars:      279 bars
  THS Cross-CHK: ✓ PASS (f[2]=f[4]*f[3]*60)
  THS isTrading: 1
  THS rt:        2100-2300,0900-1015,1030-1130,1330-1500
  Issues (1):
    - [TRACKING] isTrading=1 (semantic TBD)
------------------------------------------------------------

[32m═══ HEALTH CHECK ═══[0m
  Time:          13:54:04
  Status:        [32m[OK][0m
  Sina Price:    1269.50 ✓
  Sina OI:       414365 ✓
  THS Price:     1268.50 ✓
  THS LatestVol: 1017 hands
  THS Bars:      279 bars
  THS Cross-CHK: ✓ PASS (f[2]=f[4]*f[3]*60)
  THS isTrading: 1
  THS rt:        2100-2300,0900-1015,1030-1130,1330-1500
  Issues (1):
    - [TRACKING] isTrading=1 (semantic TBD)
------------------------------------------------------------

[32m═══ HEALTH CHECK ═══[0m
  Time:          13:54:34
  Status:        [32m[OK][0m
  Sina Price:    1270.50 ✓
  Sina OI:       414386 ✓
  THS Price:     1269.00 ✓
  THS LatestVol: 782 hands
  THS Bars:      280 bars
  THS Cross-CHK: ✓ PASS (f[2]=f[4]*f[3]*60)
  THS isTrading: 1
  THS rt:        2100-2300,0900-1015,1030-1130,1330-1500
  Issues (1):
    - [TRACKING] isTrading=1 (semantic TBD)
------------------------------------------------------------

[32m═══ HEALTH CHECK ═══[0m
  Time:          13:55:04
  Status:        [32m[OK][0m
  Sina Price:    1270.00 ✓
  Sina OI:       414396 ✓
  THS Price:     1269.00 ✓
  THS LatestVol: 782 hands
  THS Bars:      280 bars
  THS Cross-CHK: ✓ PASS (f[2]=f[4]*f[3]*60)
  THS isTrading: 1
  THS rt:        2100-2300,0900-1015,1030-1130,1330-1500
  Issues (1):
    - [TRACKING] isTrading=1 (semantic TBD)
------------------------------------------------------------

[32m═══ HEALTH CHECK ═══[0m
  Time:          13:55:34
  Status:        [32m[OK][0m
  Sina Price:    1269.50 ✓
  Sina OI:       414399 ✓
  THS Price:     1270.00 ✓
  THS LatestVol: 661 hands
  THS Bars:      281 bars
  THS Cross-CHK: ✓ PASS (f[2]=f[4]*f[3]*60)
  THS isTrading: 1
  THS rt:        2100-2300,0900-1015,1030-1130,1330-1500
  Issues (1):
    - [TRACKING] isTrading=1 (semantic TBD)
------------------------------------------------------------

[31m═══ HEALTH CHECK ═══[0m
  Time:          13:56:12
  Status:        [31m[CRITICAL][0m
  Sina:          ✗ DOWN
  THS:           ✗ DOWN
  Issues (2):
    - Sina HTTP error: Get "https://hq.sinajs.cn/rn=1784526964015&list=nf_JM2609": context deadline exceeded (Client.Timeout exceeded while awaiting headers)
    - THS HTTP error: Get "http://d.10jqka.com.cn/v6/time/qh_jm2609/last.js": context deadline exceeded (Client.Timeout exceeded while awaiting headers)
------------------------------------------------------------
[HEALTH]2026/07/20 13:56:20 🚨 CRITICAL health detected!

[32m═══ HEALTH CHECK ═══[0m
  Time:          13:56:34
  Status:        [32m[OK][0m
  Sina Price:    1269.00 ✓
  Sina OI:       414311 ✓
  THS Price:     1269.00 ✓
  THS LatestVol: 805 hands
  THS Bars:      282 bars
  THS Cross-CHK: ✓ PASS (f[2]=f[4]*f[3]*60)
  THS isTrading: 1
  THS rt:        2100-2300,0900-1015,1030-1130,1330-1500
  Issues (1):
    - [TRACKING] isTrading=1 (semantic TBD)
------------------------------------------------------------

[32m═══ HEALTH CHECK ═══[0m
  Time:          13:57:04
  Status:        [32m[OK][0m
  Sina Price:    1269.00 ✓
  Sina OI:       414355 ✓
  THS Price:     1269.00 ✓
  THS LatestVol: 805 hands
  THS Bars:      282 bars
  THS Cross-CHK: ✓ PASS (f[2]=f[4]*f[3]*60)
  THS isTrading: 1
  THS rt:        2100-2300,0900-1015,1030-1130,1330-1500
  Issues (1):
    - [TRACKING] isTrading=1 (semantic TBD)
------------------------------------------------------------

[32m═══ HEALTH CHECK ═══[0m
  Time:          13:57:34
  Status:        [32m[OK][0m
  Sina Price:    1269.50 ✓
  Sina OI:       414417 ✓
  THS Price:     1269.00 ✓
  THS LatestVol: 805 hands
  THS Bars:      282 bars
  THS Cross-CHK: ✓ PASS (f[2]=f[4]*f[3]*60)
  THS isTrading: 1
  THS rt:        2100-2300,0900-1015,1030-1130,1330-1500
  Issues (1):
    - [TRACKING] isTrading=1 (semantic TBD)
------------------------------------------------------------

[32m═══ HEALTH CHECK ═══[0m
  Time:          13:58:04
  Status:        [32m[OK][0m
  Sina Price:    1268.50 ✓
  Sina OI:       414373 ✓
  THS Price:     1269.50 ✓
  THS LatestVol: 737 hands
  THS Bars:      284 bars
  THS Cross-CHK: ✓ PASS (f[2]=f[4]*f[3]*60)
  THS isTrading: 1
  THS rt:        2100-2300,0900-1015,1030-1130,1330-1500
  Issues (1):
    - [TRACKING] isTrading=1 (semantic TBD)
------------------------------------------------------------

[32m═══ HEALTH CHECK ═══[0m
  Time:          13:58:34
  Status:        [32m[OK][0m
  Sina Price:    1269.00 ✓
  Sina OI:       414702 ✓
  THS Price:     1269.50 ✓
  THS LatestVol: 737 hands
  THS Bars:      284 bars
  THS Cross-CHK: ✓ PASS (f[2]=f[4]*f[3]*60)
  THS isTrading: 1
  THS rt:        2100-2300,0900-1015,1030-1130,1330-1500
  Issues (1):
    - [TRACKING] isTrading=1 (semantic TBD)
------------------------------------------------------------

[32m═══ HEALTH CHECK ═══[0m
  Time:          13:59:04
  Status:        [32m[OK][0m
  Sina Price:    1269.50 ✓
  Sina OI:       414711 ✓
  THS Price:     1269.50 ✓
  THS LatestVol: 737 hands
  THS Bars:      284 bars
  THS Cross-CHK: ✓ PASS (f[2]=f[4]*f[3]*60)
  THS isTrading: 1
  THS rt:        2100-2300,0900-1015,1030-1130,1330-1500
  Issues (1):
    - [TRACKING] isTrading=1 (semantic TBD)
------------------------------------------------------------

[32m═══ HEALTH CHECK ═══[0m
  Time:          13:59:34
  Status:        [32m[OK][0m
  Sina Price:    1271.00 ✓
  Sina OI:       414677 ✓
  THS Price:     1269.00 ✓
  THS LatestVol: 1634 hands
  THS Bars:      285 bars
  THS Cross-CHK: ✓ PASS (f[2]=f[4]*f[3]*60)
  THS isTrading: 1
  THS rt:        2100-2300,0900-1015,1030-1130,1330-1500
  Issues (1):
    - [TRACKING] isTrading=1 (semantic TBD)
------------------------------------------------------------

[32m═══ HEALTH CHECK ═══[0m
  Time:          14:00:04
  Status:        [32m[OK][0m
  Sina Price:    1269.00 ✓
  Sina OI:       414658 ✓
  THS Price:     1269.00 ✓
  THS LatestVol: 1634 hands
  THS Bars:      285 bars
  THS Cross-CHK: ✓ PASS (f[2]=f[4]*f[3]*60)
  THS isTrading: 1
  THS rt:        2100-2300,0900-1015,1030-1130,1330-1500
  Issues (1):
    - [TRACKING] isTrading=1 (semantic TBD)
------------------------------------------------------------
